<?xml version="1.0" encoding="UTF-8"?>
<!-- Generated by org.testng.reporters.JUnitReportReporter -->
<testsuite hostname="DESKTOP-JJTOD7N" failures="0" tests="1" name="com.banking.testCases.TC_LoginPageTest_001" time="1.513" errors="0" timestamp="10 Aug 2021 09:42:29 GMT" skipped="0">
  <testcase classname="com.banking.testCases.TC_LoginPageTest_001" name="loginTest" time="1.513"/>
</testsuite> <!-- com.banking.testCases.TC_LoginPageTest_001 -->
