<?xml version="1.0" encoding="UTF-8"?>
<!-- Generated by org.testng.reporters.JUnitReportReporter -->
<testsuite skipped="0" hostname="DESKTOP-JJTOD7N" name="com.banking.testCases.TC_AddNewCustomerTest_003" tests="1" failures="0" timestamp="12 Aug 2021 11:01:59 GMT" time="16.212" errors="0">
  <testcase name="addNewCustomer" time="16.212" classname="com.banking.testCases.TC_AddNewCustomerTest_003"/>
</testsuite> <!-- com.banking.testCases.TC_AddNewCustomerTest_003 -->
